<?xml version="1.0" encoding="UTF-8"?>
<testng-results ignored="0" total="1" passed="1" failed="0" skipped="0">
  <reporter-output>
  </reporter-output>
  <suite started-at="2025-02-03T23:37:56 IST" name="Default suite" finished-at="2025-02-03T23:37:59 IST" duration-ms="3102">
    <groups>
    </groups>
    <test started-at="2025-02-03T23:37:56 IST" name="Default test" finished-at="2025-02-03T23:37:59 IST" duration-ms="3102">
      <class name="tests.CoinDeskAPITest">
        <test-method signature="validateBPI()[pri:0, instance:tests.CoinDeskAPITest@4b8ee4de]" started-at="2025-02-03T23:37:56 IST" name="validateBPI" finished-at="2025-02-03T23:37:59 IST" duration-ms="3067" status="PASS">
          <reporter-output>
          </reporter-output>
        </test-method> <!-- validateBPI -->
      </class> <!-- tests.CoinDeskAPITest -->
    </test> <!-- Default test -->
  </suite> <!-- Default suite -->
</testng-results>
